2014-05-14 22:48:02,485 [main] INFO  [org.springframework.context.annotation.AnnotationConfigApplicationContext] - Refreshing org.springframework.context.annotation.AnnotationConfigApplicationContext@3ebfc8e0: startup date [Wed May 14 22:48:02 CST 2014]; root of context hierarchy
2014-05-14 22:48:02,554 [main] DEBUG [org.springframework.beans.factory.support.DefaultListableBeanFactory] - Creating shared instance of singleton bean 'org.springframework.context.annotation.internalConfigurationAnnotationProcessor'
2014-05-14 22:48:02,555 [main] DEBUG [org.springframework.beans.factory.support.DefaultListableBeanFactory] - Creating instance of bean 'org.springframework.context.annotation.internalConfigurationAnnotationProcessor'
2014-05-14 22:48:02,579 [main] DEBUG [org.springframework.beans.factory.support.DefaultListableBeanFactory] - Eagerly caching bean 'org.springframework.context.annotation.internalConfigurationAnnotationProcessor' to allow for resolving potential circular references
2014-05-14 22:48:02,582 [main] DEBUG [org.springframework.beans.factory.support.DefaultListableBeanFactory] - Finished creating instance of bean 'org.springframework.context.annotation.internalConfigurationAnnotationProcessor'
2014-05-14 22:48:02,659 [main] DEBUG [org.springframework.beans.factory.support.DefaultListableBeanFactory] - Creating shared instance of singleton bean 'org.springframework.context.annotation.internalAutowiredAnnotationProcessor'
2014-05-14 22:48:02,659 [main] DEBUG [org.springframework.beans.factory.support.DefaultListableBeanFactory] - Creating instance of bean 'org.springframework.context.annotation.internalAutowiredAnnotationProcessor'
2014-05-14 22:48:02,661 [main] DEBUG [org.springframework.beans.factory.support.DefaultListableBeanFactory] - Eagerly caching bean 'org.springframework.context.annotation.internalAutowiredAnnotationProcessor' to allow for resolving potential circular references
2014-05-14 22:48:02,662 [main] DEBUG [org.springframework.beans.factory.support.DefaultListableBeanFactory] - Finished creating instance of bean 'org.springframework.context.annotation.internalAutowiredAnnotationProcessor'
2014-05-14 22:48:02,663 [main] DEBUG [org.springframework.beans.factory.support.DefaultListableBeanFactory] - Creating shared instance of singleton bean 'org.springframework.context.annotation.internalRequiredAnnotationProcessor'
2014-05-14 22:48:02,664 [main] DEBUG [org.springframework.beans.factory.support.DefaultListableBeanFactory] - Creating instance of bean 'org.springframework.context.annotation.internalRequiredAnnotationProcessor'
2014-05-14 22:48:02,666 [main] DEBUG [org.springframework.beans.factory.support.DefaultListableBeanFactory] - Eagerly caching bean 'org.springframework.context.annotation.internalRequiredAnnotationProcessor' to allow for resolving potential circular references
2014-05-14 22:48:02,667 [main] DEBUG [org.springframework.beans.factory.support.DefaultListableBeanFactory] - Finished creating instance of bean 'org.springframework.context.annotation.internalRequiredAnnotationProcessor'
2014-05-14 22:48:02,667 [main] DEBUG [org.springframework.beans.factory.support.DefaultListableBeanFactory] - Creating shared instance of singleton bean 'org.springframework.context.annotation.internalCommonAnnotationProcessor'
2014-05-14 22:48:02,668 [main] DEBUG [org.springframework.beans.factory.support.DefaultListableBeanFactory] - Creating instance of bean 'org.springframework.context.annotation.internalCommonAnnotationProcessor'
2014-05-14 22:48:02,676 [main] DEBUG [org.springframework.beans.factory.support.DefaultListableBeanFactory] - Eagerly caching bean 'org.springframework.context.annotation.internalCommonAnnotationProcessor' to allow for resolving potential circular references
2014-05-14 22:48:02,677 [main] DEBUG [org.springframework.beans.factory.support.DefaultListableBeanFactory] - Finished creating instance of bean 'org.springframework.context.annotation.internalCommonAnnotationProcessor'
2014-05-14 22:48:02,678 [main] DEBUG [org.springframework.beans.factory.support.DefaultListableBeanFactory] - Creating shared instance of singleton bean 'org.springframework.context.annotation.ConfigurationClassPostProcessor.importAwareProcessor'
2014-05-14 22:48:02,679 [main] DEBUG [org.springframework.beans.factory.support.DefaultListableBeanFactory] - Creating instance of bean 'org.springframework.context.annotation.ConfigurationClassPostProcessor.importAwareProcessor'
2014-05-14 22:48:02,679 [main] DEBUG [org.springframework.beans.factory.support.DefaultListableBeanFactory] - Eagerly caching bean 'org.springframework.context.annotation.ConfigurationClassPostProcessor.importAwareProcessor' to allow for resolving potential circular references
2014-05-14 22:48:02,680 [main] DEBUG [org.springframework.beans.factory.support.DefaultListableBeanFactory] - Finished creating instance of bean 'org.springframework.context.annotation.ConfigurationClassPostProcessor.importAwareProcessor'
2014-05-14 22:48:02,680 [main] DEBUG [org.springframework.beans.factory.support.DefaultListableBeanFactory] - Creating shared instance of singleton bean 'org.springframework.context.annotation.ConfigurationClassPostProcessor.enhancedConfigurationProcessor'
2014-05-14 22:48:02,681 [main] DEBUG [org.springframework.beans.factory.support.DefaultListableBeanFactory] - Creating instance of bean 'org.springframework.context.annotation.ConfigurationClassPostProcessor.enhancedConfigurationProcessor'
2014-05-14 22:48:02,682 [main] DEBUG [org.springframework.beans.factory.support.DefaultListableBeanFactory] - Eagerly caching bean 'org.springframework.context.annotation.ConfigurationClassPostProcessor.enhancedConfigurationProcessor' to allow for resolving potential circular references
2014-05-14 22:48:02,682 [main] DEBUG [org.springframework.beans.factory.support.DefaultListableBeanFactory] - Finished creating instance of bean 'org.springframework.context.annotation.ConfigurationClassPostProcessor.enhancedConfigurationProcessor'
2014-05-14 22:48:02,692 [main] DEBUG [org.springframework.beans.factory.support.DefaultListableBeanFactory] - Pre-instantiating singletons in org.springframework.beans.factory.support.DefaultListableBeanFactory@6baa9f99: defining beans [org.springframework.context.annotation.internalConfigurationAnnotationProcessor,org.springframework.context.annotation.internalAutowiredAnnotationProcessor,org.springframework.context.annotation.internalRequiredAnnotationProcessor,org.springframework.context.annotation.internalCommonAnnotationProcessor,kitchenSuringServiceConfig,org.springframework.context.annotation.ConfigurationClassPostProcessor.importAwareProcessor,org.springframework.context.annotation.ConfigurationClassPostProcessor.enhancedConfigurationProcessor,com.kitchensurfing.config.core.KitchenSuringDaoConfig,ds]; root of factory hierarchy
2014-05-14 22:48:02,693 [main] DEBUG [org.springframework.beans.factory.support.DefaultListableBeanFactory] - Returning cached instance of singleton bean 'org.springframework.context.annotation.internalConfigurationAnnotationProcessor'
2014-05-14 22:48:02,694 [main] DEBUG [org.springframework.beans.factory.support.DefaultListableBeanFactory] - Returning cached instance of singleton bean 'org.springframework.context.annotation.internalAutowiredAnnotationProcessor'
2014-05-14 22:48:02,694 [main] DEBUG [org.springframework.beans.factory.support.DefaultListableBeanFactory] - Returning cached instance of singleton bean 'org.springframework.context.annotation.internalRequiredAnnotationProcessor'
2014-05-14 22:48:02,695 [main] DEBUG [org.springframework.beans.factory.support.DefaultListableBeanFactory] - Returning cached instance of singleton bean 'org.springframework.context.annotation.internalCommonAnnotationProcessor'
2014-05-14 22:48:02,695 [main] DEBUG [org.springframework.beans.factory.support.DefaultListableBeanFactory] - Creating shared instance of singleton bean 'kitchenSuringServiceConfig'
2014-05-14 22:48:02,696 [main] DEBUG [org.springframework.beans.factory.support.DefaultListableBeanFactory] - Creating instance of bean 'kitchenSuringServiceConfig'
2014-05-14 22:48:02,699 [main] DEBUG [org.springframework.beans.factory.support.DefaultListableBeanFactory] - Eagerly caching bean 'kitchenSuringServiceConfig' to allow for resolving potential circular references
2014-05-14 22:48:02,723 [main] DEBUG [org.springframework.beans.factory.support.DefaultListableBeanFactory] - Finished creating instance of bean 'kitchenSuringServiceConfig'
2014-05-14 22:48:02,723 [main] DEBUG [org.springframework.beans.factory.support.DefaultListableBeanFactory] - Returning cached instance of singleton bean 'org.springframework.context.annotation.ConfigurationClassPostProcessor.importAwareProcessor'
2014-05-14 22:48:02,724 [main] DEBUG [org.springframework.beans.factory.support.DefaultListableBeanFactory] - Returning cached instance of singleton bean 'org.springframework.context.annotation.ConfigurationClassPostProcessor.enhancedConfigurationProcessor'
2014-05-14 22:48:02,725 [main] DEBUG [org.springframework.beans.factory.support.DefaultListableBeanFactory] - Creating shared instance of singleton bean 'com.kitchensurfing.config.core.KitchenSuringDaoConfig'
2014-05-14 22:48:02,726 [main] DEBUG [org.springframework.beans.factory.support.DefaultListableBeanFactory] - Creating instance of bean 'com.kitchensurfing.config.core.KitchenSuringDaoConfig'
2014-05-14 22:48:02,736 [main] DEBUG [org.springframework.beans.factory.annotation.InjectionMetadata] - Registered injected element on class [com.kitchensurfing.config.core.KitchenSuringDaoConfig]: AutowiredFieldElement for private org.springframework.core.env.Environment com.kitchensurfing.config.core.KitchenSuringDaoConfig.env
2014-05-14 22:48:02,737 [main] DEBUG [org.springframework.beans.factory.support.DefaultListableBeanFactory] - Eagerly caching bean 'com.kitchensurfing.config.core.KitchenSuringDaoConfig' to allow for resolving potential circular references
2014-05-14 22:48:02,739 [main] DEBUG [org.springframework.beans.factory.annotation.InjectionMetadata] - Processing injected method of bean 'com.kitchensurfing.config.core.KitchenSuringDaoConfig': AutowiredFieldElement for private org.springframework.core.env.Environment com.kitchensurfing.config.core.KitchenSuringDaoConfig.env
2014-05-14 22:48:02,742 [main] DEBUG [org.springframework.beans.factory.support.DefaultListableBeanFactory] - Returning cached instance of singleton bean 'environment'
2014-05-14 22:48:02,743 [main] DEBUG [org.springframework.beans.factory.annotation.AutowiredAnnotationBeanPostProcessor] - Autowiring by type from bean name 'com.kitchensurfing.config.core.KitchenSuringDaoConfig' to bean named 'environment'
2014-05-14 22:48:02,746 [main] DEBUG [org.springframework.beans.factory.support.DefaultListableBeanFactory] - Finished creating instance of bean 'com.kitchensurfing.config.core.KitchenSuringDaoConfig'
2014-05-14 22:48:02,747 [main] DEBUG [org.springframework.beans.factory.support.DefaultListableBeanFactory] - Creating shared instance of singleton bean 'ds'
2014-05-14 22:48:02,747 [main] DEBUG [org.springframework.beans.factory.support.DefaultListableBeanFactory] - Creating instance of bean 'ds'
2014-05-14 22:48:02,750 [main] DEBUG [org.springframework.beans.factory.support.DefaultListableBeanFactory] - Returning cached instance of singleton bean 'com.kitchensurfing.config.core.KitchenSuringDaoConfig'
2014-05-14 22:48:02,825 [main] DEBUG [org.springframework.beans.factory.support.DefaultListableBeanFactory] - Eagerly caching bean 'ds' to allow for resolving potential circular references
2014-05-14 22:48:02,836 [main] DEBUG [org.springframework.beans.factory.support.DefaultListableBeanFactory] - Finished creating instance of bean 'ds'
2014-05-14 22:48:02,839 [main] DEBUG [org.springframework.beans.factory.support.DefaultListableBeanFactory] - Returning cached instance of singleton bean 'lifecycleProcessor'
2014-05-14 22:48:02,843 [main] DEBUG [org.springframework.beans.factory.support.DefaultListableBeanFactory] - Returning cached instance of singleton bean 'ds'
2014-05-14 23:09:15,054 [main] INFO  [org.springframework.context.annotation.AnnotationConfigApplicationContext] - Refreshing org.springframework.context.annotation.AnnotationConfigApplicationContext@3ebfc8e0: startup date [Wed May 14 23:09:15 CST 2014]; root of context hierarchy
2014-05-14 23:09:15,079 [main] DEBUG [org.springframework.beans.factory.support.DefaultListableBeanFactory] - Creating shared instance of singleton bean 'org.springframework.context.annotation.internalConfigurationAnnotationProcessor'
2014-05-14 23:09:15,080 [main] DEBUG [org.springframework.beans.factory.support.DefaultListableBeanFactory] - Creating instance of bean 'org.springframework.context.annotation.internalConfigurationAnnotationProcessor'
2014-05-14 23:09:15,107 [main] DEBUG [org.springframework.beans.factory.support.DefaultListableBeanFactory] - Eagerly caching bean 'org.springframework.context.annotation.internalConfigurationAnnotationProcessor' to allow for resolving potential circular references
2014-05-14 23:09:15,111 [main] DEBUG [org.springframework.beans.factory.support.DefaultListableBeanFactory] - Finished creating instance of bean 'org.springframework.context.annotation.internalConfigurationAnnotationProcessor'
2014-05-14 23:09:15,238 [main] DEBUG [org.springframework.beans.factory.support.DefaultListableBeanFactory] - Creating shared instance of singleton bean 'org.springframework.context.annotation.internalAutowiredAnnotationProcessor'
2014-05-14 23:09:15,239 [main] DEBUG [org.springframework.beans.factory.support.DefaultListableBeanFactory] - Creating instance of bean 'org.springframework.context.annotation.internalAutowiredAnnotationProcessor'
2014-05-14 23:09:15,241 [main] DEBUG [org.springframework.beans.factory.support.DefaultListableBeanFactory] - Eagerly caching bean 'org.springframework.context.annotation.internalAutowiredAnnotationProcessor' to allow for resolving potential circular references
2014-05-14 23:09:15,242 [main] DEBUG [org.springframework.beans.factory.support.DefaultListableBeanFactory] - Finished creating instance of bean 'org.springframework.context.annotation.internalAutowiredAnnotationProcessor'
2014-05-14 23:09:15,243 [main] DEBUG [org.springframework.beans.factory.support.DefaultListableBeanFactory] - Creating shared instance of singleton bean 'org.springframework.context.annotation.internalRequiredAnnotationProcessor'
2014-05-14 23:09:15,244 [main] DEBUG [org.springframework.beans.factory.support.DefaultListableBeanFactory] - Creating instance of bean 'org.springframework.context.annotation.internalRequiredAnnotationProcessor'
2014-05-14 23:09:15,246 [main] DEBUG [org.springframework.beans.factory.support.DefaultListableBeanFactory] - Eagerly caching bean 'org.springframework.context.annotation.internalRequiredAnnotationProcessor' to allow for resolving potential circular references
2014-05-14 23:09:15,247 [main] DEBUG [org.springframework.beans.factory.support.DefaultListableBeanFactory] - Finished creating instance of bean 'org.springframework.context.annotation.internalRequiredAnnotationProcessor'
2014-05-14 23:09:15,248 [main] DEBUG [org.springframework.beans.factory.support.DefaultListableBeanFactory] - Creating shared instance of singleton bean 'org.springframework.context.annotation.internalCommonAnnotationProcessor'
2014-05-14 23:09:15,248 [main] DEBUG [org.springframework.beans.factory.support.DefaultListableBeanFactory] - Creating instance of bean 'org.springframework.context.annotation.internalCommonAnnotationProcessor'
2014-05-14 23:09:15,256 [main] DEBUG [org.springframework.beans.factory.support.DefaultListableBeanFactory] - Eagerly caching bean 'org.springframework.context.annotation.internalCommonAnnotationProcessor' to allow for resolving potential circular references
2014-05-14 23:09:15,257 [main] DEBUG [org.springframework.beans.factory.support.DefaultListableBeanFactory] - Finished creating instance of bean 'org.springframework.context.annotation.internalCommonAnnotationProcessor'
2014-05-14 23:09:15,258 [main] DEBUG [org.springframework.beans.factory.support.DefaultListableBeanFactory] - Creating shared instance of singleton bean 'org.springframework.context.annotation.ConfigurationClassPostProcessor.importAwareProcessor'
2014-05-14 23:09:15,259 [main] DEBUG [org.springframework.beans.factory.support.DefaultListableBeanFactory] - Creating instance of bean 'org.springframework.context.annotation.ConfigurationClassPostProcessor.importAwareProcessor'
2014-05-14 23:09:15,260 [main] DEBUG [org.springframework.beans.factory.support.DefaultListableBeanFactory] - Eagerly caching bean 'org.springframework.context.annotation.ConfigurationClassPostProcessor.importAwareProcessor' to allow for resolving potential circular references
2014-05-14 23:09:15,261 [main] DEBUG [org.springframework.beans.factory.support.DefaultListableBeanFactory] - Finished creating instance of bean 'org.springframework.context.annotation.ConfigurationClassPostProcessor.importAwareProcessor'
2014-05-14 23:09:15,262 [main] DEBUG [org.springframework.beans.factory.support.DefaultListableBeanFactory] - Creating shared instance of singleton bean 'org.springframework.context.annotation.ConfigurationClassPostProcessor.enhancedConfigurationProcessor'
2014-05-14 23:09:15,262 [main] DEBUG [org.springframework.beans.factory.support.DefaultListableBeanFactory] - Creating instance of bean 'org.springframework.context.annotation.ConfigurationClassPostProcessor.enhancedConfigurationProcessor'
2014-05-14 23:09:15,263 [main] DEBUG [org.springframework.beans.factory.support.DefaultListableBeanFactory] - Eagerly caching bean 'org.springframework.context.annotation.ConfigurationClassPostProcessor.enhancedConfigurationProcessor' to allow for resolving potential circular references
2014-05-14 23:09:15,264 [main] DEBUG [org.springframework.beans.factory.support.DefaultListableBeanFactory] - Finished creating instance of bean 'org.springframework.context.annotation.ConfigurationClassPostProcessor.enhancedConfigurationProcessor'
2014-05-14 23:09:15,281 [main] DEBUG [org.springframework.beans.factory.support.DefaultListableBeanFactory] - Pre-instantiating singletons in org.springframework.beans.factory.support.DefaultListableBeanFactory@e60e128: defining beans [org.springframework.context.annotation.internalConfigurationAnnotationProcessor,org.springframework.context.annotation.internalAutowiredAnnotationProcessor,org.springframework.context.annotation.internalRequiredAnnotationProcessor,org.springframework.context.annotation.internalCommonAnnotationProcessor,kitchenSuringServiceConfig,org.springframework.context.annotation.ConfigurationClassPostProcessor.importAwareProcessor,org.springframework.context.annotation.ConfigurationClassPostProcessor.enhancedConfigurationProcessor,userDaoImpl,com.kitchensurfing.config.core.KitchenSuringDaoConfig,ds]; root of factory hierarchy
2014-05-14 23:09:15,282 [main] DEBUG [org.springframework.beans.factory.support.DefaultListableBeanFactory] - Returning cached instance of singleton bean 'org.springframework.context.annotation.internalConfigurationAnnotationProcessor'
2014-05-14 23:09:15,282 [main] DEBUG [org.springframework.beans.factory.support.DefaultListableBeanFactory] - Returning cached instance of singleton bean 'org.springframework.context.annotation.internalAutowiredAnnotationProcessor'
2014-05-14 23:09:15,283 [main] DEBUG [org.springframework.beans.factory.support.DefaultListableBeanFactory] - Returning cached instance of singleton bean 'org.springframework.context.annotation.internalRequiredAnnotationProcessor'
2014-05-14 23:09:15,283 [main] DEBUG [org.springframework.beans.factory.support.DefaultListableBeanFactory] - Returning cached instance of singleton bean 'org.springframework.context.annotation.internalCommonAnnotationProcessor'
2014-05-14 23:09:15,283 [main] DEBUG [org.springframework.beans.factory.support.DefaultListableBeanFactory] - Creating shared instance of singleton bean 'kitchenSuringServiceConfig'
2014-05-14 23:09:15,284 [main] DEBUG [org.springframework.beans.factory.support.DefaultListableBeanFactory] - Creating instance of bean 'kitchenSuringServiceConfig'
2014-05-14 23:09:15,286 [main] DEBUG [org.springframework.beans.factory.support.DefaultListableBeanFactory] - Eagerly caching bean 'kitchenSuringServiceConfig' to allow for resolving potential circular references
2014-05-14 23:09:15,314 [main] DEBUG [org.springframework.beans.factory.support.DefaultListableBeanFactory] - Finished creating instance of bean 'kitchenSuringServiceConfig'
2014-05-14 23:09:15,314 [main] DEBUG [org.springframework.beans.factory.support.DefaultListableBeanFactory] - Returning cached instance of singleton bean 'org.springframework.context.annotation.ConfigurationClassPostProcessor.importAwareProcessor'
2014-05-14 23:09:15,315 [main] DEBUG [org.springframework.beans.factory.support.DefaultListableBeanFactory] - Returning cached instance of singleton bean 'org.springframework.context.annotation.ConfigurationClassPostProcessor.enhancedConfigurationProcessor'
2014-05-14 23:09:15,315 [main] DEBUG [org.springframework.beans.factory.support.DefaultListableBeanFactory] - Creating shared instance of singleton bean 'userDaoImpl'
2014-05-14 23:09:15,316 [main] DEBUG [org.springframework.beans.factory.support.DefaultListableBeanFactory] - Creating instance of bean 'userDaoImpl'
2014-05-14 23:09:15,332 [main] DEBUG [org.springframework.beans.factory.annotation.InjectionMetadata] - Registered injected element on class [com.kitchensurfing.idaoimpl.UserDaoImpl]: AutowiredMethodElement for public void com.kitchensurfing.idaoimpl.UserDaoImpl.init(javax.sql.DataSource)
2014-05-14 23:09:15,333 [main] DEBUG [org.springframework.beans.factory.support.DefaultListableBeanFactory] - Eagerly caching bean 'userDaoImpl' to allow for resolving potential circular references
2014-05-14 23:09:15,334 [main] DEBUG [org.springframework.beans.factory.annotation.InjectionMetadata] - Processing injected method of bean 'userDaoImpl': AutowiredMethodElement for public void com.kitchensurfing.idaoimpl.UserDaoImpl.init(javax.sql.DataSource)
2014-05-14 23:09:15,344 [main] DEBUG [org.springframework.beans.factory.support.DefaultListableBeanFactory] - Creating shared instance of singleton bean 'ds'
2014-05-14 23:09:15,345 [main] DEBUG [org.springframework.beans.factory.support.DefaultListableBeanFactory] - Creating instance of bean 'ds'
2014-05-14 23:09:15,346 [main] DEBUG [org.springframework.beans.factory.support.DefaultListableBeanFactory] - Creating shared instance of singleton bean 'com.kitchensurfing.config.core.KitchenSuringDaoConfig'
2014-05-14 23:09:15,347 [main] DEBUG [org.springframework.beans.factory.support.DefaultListableBeanFactory] - Creating instance of bean 'com.kitchensurfing.config.core.KitchenSuringDaoConfig'
2014-05-14 23:09:15,351 [main] DEBUG [org.springframework.beans.factory.annotation.InjectionMetadata] - Registered injected element on class [com.kitchensurfing.config.core.KitchenSuringDaoConfig]: AutowiredFieldElement for private org.springframework.core.env.Environment com.kitchensurfing.config.core.KitchenSuringDaoConfig.env
2014-05-14 23:09:15,353 [main] DEBUG [org.springframework.beans.factory.support.DefaultListableBeanFactory] - Eagerly caching bean 'com.kitchensurfing.config.core.KitchenSuringDaoConfig' to allow for resolving potential circular references
2014-05-14 23:09:15,356 [main] DEBUG [org.springframework.beans.factory.annotation.InjectionMetadata] - Processing injected method of bean 'com.kitchensurfing.config.core.KitchenSuringDaoConfig': AutowiredFieldElement for private org.springframework.core.env.Environment com.kitchensurfing.config.core.KitchenSuringDaoConfig.env
2014-05-14 23:09:15,361 [main] DEBUG [org.springframework.beans.factory.support.DefaultListableBeanFactory] - Returning cached instance of singleton bean 'environment'
2014-05-14 23:09:15,363 [main] DEBUG [org.springframework.beans.factory.annotation.AutowiredAnnotationBeanPostProcessor] - Autowiring by type from bean name 'com.kitchensurfing.config.core.KitchenSuringDaoConfig' to bean named 'environment'
2014-05-14 23:09:15,365 [main] DEBUG [org.springframework.beans.factory.support.DefaultListableBeanFactory] - Finished creating instance of bean 'com.kitchensurfing.config.core.KitchenSuringDaoConfig'
2014-05-14 23:09:15,401 [main] DEBUG [org.springframework.beans.factory.support.DefaultListableBeanFactory] - Eagerly caching bean 'ds' to allow for resolving potential circular references
2014-05-14 23:09:15,411 [main] DEBUG [org.springframework.beans.factory.support.DefaultListableBeanFactory] - Finished creating instance of bean 'ds'
2014-05-14 23:09:15,412 [main] DEBUG [org.springframework.beans.factory.annotation.AutowiredAnnotationBeanPostProcessor] - Autowiring by type from bean name 'userDaoImpl' to bean named 'ds'
2014-05-14 23:09:15,423 [main] DEBUG [org.springframework.beans.factory.support.DefaultListableBeanFactory] - Finished creating instance of bean 'userDaoImpl'
2014-05-14 23:09:15,423 [main] DEBUG [org.springframework.beans.factory.support.DefaultListableBeanFactory] - Returning cached instance of singleton bean 'com.kitchensurfing.config.core.KitchenSuringDaoConfig'
2014-05-14 23:09:15,423 [main] DEBUG [org.springframework.beans.factory.support.DefaultListableBeanFactory] - Returning cached instance of singleton bean 'ds'
2014-05-14 23:09:15,426 [main] DEBUG [org.springframework.beans.factory.support.DefaultListableBeanFactory] - Returning cached instance of singleton bean 'lifecycleProcessor'
2014-05-14 23:09:15,428 [main] DEBUG [org.springframework.beans.factory.support.DefaultListableBeanFactory] - Returning cached instance of singleton bean 'userDaoImpl'
